<?xml version="1.0" encoding="UTF-8"?>
<testng-results ignored="0" total="3" passed="3" failed="0" skipped="0">
  <reporter-output>
  </reporter-output>
  <suite started-at="2021-04-09T19:45:26 IST" name="Default suite" finished-at="2021-04-09T19:45:43 IST" duration-ms="16565">
    <groups>
    </groups>
    <test started-at="2021-04-09T19:45:26 IST" name="Default test" finished-at="2021-04-09T19:45:43 IST" duration-ms="16565">
      <class name="RestAssuredTest.APITest">
        <test-method signature="deletefunct()[pri:0, instance:RestAssuredTest.APITest@2f54a33d]" started-at="2021-04-09T19:45:26 IST" name="deletefunct" finished-at="2021-04-09T19:45:38 IST" duration-ms="11955" status="PASS">
          <reporter-output>
          </reporter-output>
        </test-method> <!-- deletefunct -->
        <test-method signature="patchfunct()[pri:0, instance:RestAssuredTest.APITest@2f54a33d]" started-at="2021-04-09T19:45:38 IST" name="patchfunct" finished-at="2021-04-09T19:45:40 IST" duration-ms="1562" status="PASS">
          <reporter-output>
          </reporter-output>
        </test-method> <!-- patchfunct -->
        <test-method signature="putfunct()[pri:0, instance:RestAssuredTest.APITest@2f54a33d]" started-at="2021-04-09T19:45:40 IST" name="putfunct" finished-at="2021-04-09T19:45:43 IST" duration-ms="2995" status="PASS">
          <reporter-output>
          </reporter-output>
        </test-method> <!-- putfunct -->
      </class> <!-- RestAssuredTest.APITest -->
    </test> <!-- Default test -->
  </suite> <!-- Default suite -->
</testng-results>
