<?xml version="1.0" encoding="UTF-8"?>
<!-- Generated by org.testng.reporters.JUnitXMLReporter -->
<testsuite ignored="0" hostname="DESKTOP-GBEDEFA" failures="0" tests="3" name="Default test" time="16.565" errors="0" timestamp="2021-04-09T19:45:43 IST">
  <testcase classname="RestAssuredTest.APITest" name="deletefunct" time="11.955"/>
  <testcase classname="RestAssuredTest.APITest" name="patchfunct" time="1.562"/>
  <testcase classname="RestAssuredTest.APITest" name="putfunct" time="2.995"/>
</testsuite> <!-- Default test -->
